[2017-03-16 09:53:44] production.ERROR: exception 'InvalidArgumentException' with message 'Authentication user provider [] is not defined.' in D:\xampp\htdocs\www\coofar.com\backend\vendor\laravel\framework\src\Illuminate\Auth\CreatesUserProviders.php:40
Stack trace:
#0 D:\xampp\htdocs\www\coofar.com\backend\vendor\laravel\framework\src\Illuminate\Auth\AuthManager.php(123): Illuminate\Auth\AuthManager->createUserProvider('admins')
#1 D:\xampp\htdocs\www\coofar.com\backend\vendor\laravel\framework\src\Illuminate\Auth\AuthManager.php(96): Illuminate\Auth\AuthManager->createSessionDriver('web', Array)
#2 D:\xampp\htdocs\www\coofar.com\backend\vendor\laravel\framework\src\Illuminate\Auth\AuthManager.php(70): Illuminate\Auth\AuthManager->resolve('web')
#3 D:\xampp\htdocs\www\coofar.com\backend\vendor\laravel\framework\src\Illuminate\Support\Facades\Facade.php(237): Illuminate\Auth\AuthManager->guard(NULL)
#4 D:\xampp\htdocs\www\coofar.com\backend\app\Http\Middleware\RedirectIfAuthenticated.php(20): Illuminate\Support\Facades\Facade::__callStatic('guard', Array)
#5 D:\xampp\htdocs\www\coofar.com\backend\app\Http\Middleware\RedirectIfAuthenticated.php(20): Illuminate\Support\Facades\Auth::guard(NULL)
#6 D:\xampp\htdocs\www\coofar.com\backend\vendor\laravel\framework\src\Illuminate\Pipeline\Pipeline.php(137): App\Http\Middleware\RedirectIfAuthenticated->handle(Object(Illuminate\Http\Request), Object(Closure))
#7 D:\xampp\htdocs\www\coofar.com\backend\vendor\laravel\framework\src\Illuminate\Routing\Pipeline.php(33): Illuminate\Pipeline\Pipeline->Illuminate\Pipeline\{closure}(Object(Illuminate\Http\Request))
#8 D:\xampp\htdocs\www\coofar.com\backend\vendor\laravel\framework\src\Illuminate\Routing\Middleware\SubstituteBindings.php(41): Illuminate\Routing\Pipeline->Illuminate\Routing\{closure}(Object(Illuminate\Http\Request))
#9 D:\xampp\htdocs\www\coofar.com\backend\vendor\laravel\framework\src\Illuminate\Pipeline\Pipeline.php(137): Illuminate\Routing\Middleware\SubstituteBindings->handle(Object(Illuminate\Http\Request), Object(Closure))
#10 D:\xampp\htdocs\www\coofar.com\backend\vendor\laravel\framework\src\Illuminate\Routing\Pipeline.php(33): Illuminate\Pipeline\Pipeline->Illuminate\Pipeline\{closure}(Object(Illuminate\Http\Request))
#11 D:\xampp\htdocs\www\coofar.com\backend\vendor\laravel\framework\src\Illuminate\Foundation\Http\Middleware\VerifyCsrfToken.php(65): Illuminate\Routing\Pipeline->Illuminate\Routing\{closure}(Object(Illuminate\Http\Request))
#12 D:\xampp\htdocs\www\coofar.com\backend\vendor\laravel\framework\src\Illuminate\Pipeline\Pipeline.php(137): Illuminate\Foundation\Http\Middleware\VerifyCsrfToken->handle(Object(Illuminate\Http\Request), Object(Closure))
#13 D:\xampp\htdocs\www\coofar.com\backend\vendor\laravel\framework\src\Illuminate\Routing\Pipeline.php(33): Illuminate\Pipeline\Pipeline->Illuminate\Pipeline\{closure}(Object(Illuminate\Http\Request))
#14 D:\xampp\htdocs\www\coofar.com\backend\vendor\laravel\framework\src\Illuminate\View\Middleware\ShareErrorsFromSession.php(49): Illuminate\Routing\Pipeline->Illuminate\Routing\{closure}(Object(Illuminate\Http\Request))
#15 D:\xampp\htdocs\www\coofar.com\backend\vendor\laravel\framework\src\Illuminate\Pipeline\Pipeline.php(137): Illuminate\View\Middleware\ShareErrorsFromSession->handle(Object(Illuminate\Http\Request), Object(Closure))
#16 D:\xampp\htdocs\www\coofar.com\backend\vendor\laravel\framework\src\Illuminate\Routing\Pipeline.php(33): Illuminate\Pipeline\Pipeline->Illuminate\Pipeline\{closure}(Object(Illuminate\Http\Request))
#17 D:\xampp\htdocs\www\coofar.com\backend\vendor\laravel\framework\src\Illuminate\Session\Middleware\StartSession.php(64): Illuminate\Routing\Pipeline->Illuminate\Routing\{closure}(Object(Illuminate\Http\Request))
#18 D:\xampp\htdocs\www\coofar.com\backend\vendor\laravel\framework\src\Illuminate\Pipeline\Pipeline.php(137): Illuminate\Session\Middleware\StartSession->handle(Object(Illuminate\Http\Request), Object(Closure))
#19 D:\xampp\htdocs\www\coofar.com\backend\vendor\laravel\framework\src\Illuminate\Routing\Pipeline.php(33): Illuminate\Pipeline\Pipeline->Illuminate\Pipeline\{closure}(Object(Illuminate\Http\Request))
#20 D:\xampp\htdocs\www\coofar.com\backend\vendor\laravel\framework\src\Illuminate\Cookie\Middleware\AddQueuedCookiesToResponse.php(37): Illuminate\Routing\Pipeline->Illuminate\Routing\{closure}(Object(Illuminate\Http\Request))
#21 D:\xampp\htdocs\www\coofar.com\backend\vendor\laravel\framework\src\Illuminate\Pipeline\Pipeline.php(137): Illuminate\Cookie\Middleware\AddQueuedCookiesToResponse->handle(Object(Illuminate\Http\Request), Object(Closure))
#22 D:\xampp\htdocs\www\coofar.com\backend\vendor\laravel\framework\src\Illuminate\Routing\Pipeline.php(33): Illuminate\Pipeline\Pipeline->Illuminate\Pipeline\{closure}(Object(Illuminate\Http\Request))
#23 D:\xampp\htdocs\www\coofar.com\backend\vendor\laravel\framework\src\Illuminate\Cookie\Middleware\EncryptCookies.php(59): Illuminate\Routing\Pipeline->Illuminate\Routing\{closure}(Object(Illuminate\Http\Request))
#24 D:\xampp\htdocs\www\coofar.com\backend\vendor\laravel\framework\src\Illuminate\Pipeline\Pipeline.php(137): Illuminate\Cookie\Middleware\EncryptCookies->handle(Object(Illuminate\Http\Request), Object(Closure))
#25 D:\xampp\htdocs\www\coofar.com\backend\vendor\laravel\framework\src\Illuminate\Routing\Pipeline.php(33): Illuminate\Pipeline\Pipeline->Illuminate\Pipeline\{closure}(Object(Illuminate\Http\Request))
#26 D:\xampp\htdocs\www\coofar.com\backend\vendor\laravel\framework\src\Illuminate\Pipeline\Pipeline.php(104): Illuminate\Routing\Pipeline->Illuminate\Routing\{closure}(Object(Illuminate\Http\Request))
#27 D:\xampp\htdocs\www\coofar.com\backend\vendor\laravel\framework\src\Illuminate\Routing\Router.php(655): Illuminate\Pipeline\Pipeline->then(Object(Closure))
#28 D:\xampp\htdocs\www\coofar.com\backend\vendor\laravel\framework\src\Illuminate\Routing\Router.php(629): Illuminate\Routing\Router->runRouteWithinStack(Object(Illuminate\Routing\Route), Object(Illuminate\Http\Request))
#29 D:\xampp\htdocs\www\coofar.com\backend\vendor\laravel\framework\src\Illuminate\Routing\Router.php(607): Illuminate\Routing\Router->dispatchToRoute(Object(Illuminate\Http\Request))
#30 D:\xampp\htdocs\www\coofar.com\backend\vendor\laravel\framework\src\Illuminate\Foundation\Http\Kernel.php(268): Illuminate\Routing\Router->dispatch(Object(Illuminate\Http\Request))
#31 D:\xampp\htdocs\www\coofar.com\backend\vendor\laravel\framework\src\Illuminate\Routing\Pipeline.php(53): Illuminate\Foundation\Http\Kernel->Illuminate\Foundation\Http\{closure}(Object(Illuminate\Http\Request))
#32 D:\xampp\htdocs\www\coofar.com\backend\vendor\laravel\framework\src\Illuminate\Foundation\Http\Middleware\CheckForMaintenanceMode.php(46): Illuminate\Routing\Pipeline->Illuminate\Routing\{closure}(Object(Illuminate\Http\Request))
#33 D:\xampp\htdocs\www\coofar.com\backend\vendor\laravel\framework\src\Illuminate\Pipeline\Pipeline.php(137): Illuminate\Foundation\Http\Middleware\CheckForMaintenanceMode->handle(Object(Illuminate\Http\Request), Object(Closure))
#34 D:\xampp\htdocs\www\coofar.com\backend\vendor\laravel\framework\src\Illuminate\Routing\Pipeline.php(33): Illuminate\Pipeline\Pipeline->Illuminate\Pipeline\{closure}(Object(Illuminate\Http\Request))
#35 D:\xampp\htdocs\www\coofar.com\backend\vendor\laravel\framework\src\Illuminate\Pipeline\Pipeline.php(104): Illuminate\Routing\Pipeline->Illuminate\Routing\{closure}(Object(Illuminate\Http\Request))
#36 D:\xampp\htdocs\www\coofar.com\backend\vendor\laravel\framework\src\Illuminate\Foundation\Http\Kernel.php(150): Illuminate\Pipeline\Pipeline->then(Object(Closure))
#37 D:\xampp\htdocs\www\coofar.com\backend\vendor\laravel\framework\src\Illuminate\Foundation\Http\Kernel.php(117): Illuminate\Foundation\Http\Kernel->sendRequestThroughRouter(Object(Illuminate\Http\Request))
#38 D:\xampp\htdocs\www\coofar.com\backend\public\index.php(54): Illuminate\Foundation\Http\Kernel->handle(Object(Illuminate\Http\Request))
#39 {main}  
[2017-03-16 09:53:47] production.ERROR: exception 'InvalidArgumentException' with message 'Authentication user provider [] is not defined.' in D:\xampp\htdocs\www\coofar.com\backend\vendor\laravel\framework\src\Illuminate\Auth\CreatesUserProviders.php:40
Stack trace:
#0 D:\xampp\htdocs\www\coofar.com\backend\vendor\laravel\framework\src\Illuminate\Auth\AuthManager.php(123): Illuminate\Auth\AuthManager->createUserProvider('admins')
#1 D:\xampp\htdocs\www\coofar.com\backend\vendor\laravel\framework\src\Illuminate\Auth\AuthManager.php(96): Illuminate\Auth\AuthManager->createSessionDriver('web', Array)
#2 D:\xampp\htdocs\www\coofar.com\backend\vendor\laravel\framework\src\Illuminate\Auth\AuthManager.php(70): Illuminate\Auth\AuthManager->resolve('web')
#3 D:\xampp\htdocs\www\coofar.com\backend\vendor\laravel\framework\src\Illuminate\Support\Facades\Facade.php(237): Illuminate\Auth\AuthManager->guard(NULL)
#4 D:\xampp\htdocs\www\coofar.com\backend\app\Http\Middleware\RedirectIfAuthenticated.php(20): Illuminate\Support\Facades\Facade::__callStatic('guard', Array)
#5 D:\xampp\htdocs\www\coofar.com\backend\app\Http\Middleware\RedirectIfAuthenticated.php(20): Illuminate\Support\Facades\Auth::guard(NULL)
#6 D:\xampp\htdocs\www\coofar.com\backend\vendor\laravel\framework\src\Illuminate\Pipeline\Pipeline.php(137): App\Http\Middleware\RedirectIfAuthenticated->handle(Object(Illuminate\Http\Request), Object(Closure))
#7 D:\xampp\htdocs\www\coofar.com\backend\vendor\laravel\framework\src\Illuminate\Routing\Pipeline.php(33): Illuminate\Pipeline\Pipeline->Illuminate\Pipeline\{closure}(Object(Illuminate\Http\Request))
#8 D:\xampp\htdocs\www\coofar.com\backend\vendor\laravel\framework\src\Illuminate\Routing\Middleware\SubstituteBindings.php(41): Illuminate\Routing\Pipeline->Illuminate\Routing\{closure}(Object(Illuminate\Http\Request))
#9 D:\xampp\htdocs\www\coofar.com\backend\vendor\laravel\framework\src\Illuminate\Pipeline\Pipeline.php(137): Illuminate\Routing\Middleware\SubstituteBindings->handle(Object(Illuminate\Http\Request), Object(Closure))
#10 D:\xampp\htdocs\www\coofar.com\backend\vendor\laravel\framework\src\Illuminate\Routing\Pipeline.php(33): Illuminate\Pipeline\Pipeline->Illuminate\Pipeline\{closure}(Object(Illuminate\Http\Request))
#11 D:\xampp\htdocs\www\coofar.com\backend\vendor\laravel\framework\src\Illuminate\Foundation\Http\Middleware\VerifyCsrfToken.php(65): Illuminate\Routing\Pipeline->Illuminate\Routing\{closure}(Object(Illuminate\Http\Request))
#12 D:\xampp\htdocs\www\coofar.com\backend\vendor\laravel\framework\src\Illuminate\Pipeline\Pipeline.php(137): Illuminate\Foundation\Http\Middleware\VerifyCsrfToken->handle(Object(Illuminate\Http\Request), Object(Closure))
#13 D:\xampp\htdocs\www\coofar.com\backend\vendor\laravel\framework\src\Illuminate\Routing\Pipeline.php(33): Illuminate\Pipeline\Pipeline->Illuminate\Pipeline\{closure}(Object(Illuminate\Http\Request))
#14 D:\xampp\htdocs\www\coofar.com\backend\vendor\laravel\framework\src\Illuminate\View\Middleware\ShareErrorsFromSession.php(49): Illuminate\Routing\Pipeline->Illuminate\Routing\{closure}(Object(Illuminate\Http\Request))
#15 D:\xampp\htdocs\www\coofar.com\backend\vendor\laravel\framework\src\Illuminate\Pipeline\Pipeline.php(137): Illuminate\View\Middleware\ShareErrorsFromSession->handle(Object(Illuminate\Http\Request), Object(Closure))
#16 D:\xampp\htdocs\www\coofar.com\backend\vendor\laravel\framework\src\Illuminate\Routing\Pipeline.php(33): Illuminate\Pipeline\Pipeline->Illuminate\Pipeline\{closure}(Object(Illuminate\Http\Request))
#17 D:\xampp\htdocs\www\coofar.com\backend\vendor\laravel\framework\src\Illuminate\Session\Middleware\StartSession.php(64): Illuminate\Routing\Pipeline->Illuminate\Routing\{closure}(Object(Illuminate\Http\Request))
#18 D:\xampp\htdocs\www\coofar.com\backend\vendor\laravel\framework\src\Illuminate\Pipeline\Pipeline.php(137): Illuminate\Session\Middleware\StartSession->handle(Object(Illuminate\Http\Request), Object(Closure))
#19 D:\xampp\htdocs\www\coofar.com\backend\vendor\laravel\framework\src\Illuminate\Routing\Pipeline.php(33): Illuminate\Pipeline\Pipeline->Illuminate\Pipeline\{closure}(Object(Illuminate\Http\Request))
#20 D:\xampp\htdocs\www\coofar.com\backend\vendor\laravel\framework\src\Illuminate\Cookie\Middleware\AddQueuedCookiesToResponse.php(37): Illuminate\Routing\Pipeline->Illuminate\Routing\{closure}(Object(Illuminate\Http\Request))
#21 D:\xampp\htdocs\www\coofar.com\backend\vendor\laravel\framework\src\Illuminate\Pipeline\Pipeline.php(137): Illuminate\Cookie\Middleware\AddQueuedCookiesToResponse->handle(Object(Illuminate\Http\Request), Object(Closure))
#22 D:\xampp\htdocs\www\coofar.com\backend\vendor\laravel\framework\src\Illuminate\Routing\Pipeline.php(33): Illuminate\Pipeline\Pipeline->Illuminate\Pipeline\{closure}(Object(Illuminate\Http\Request))
#23 D:\xampp\htdocs\www\coofar.com\backend\vendor\laravel\framework\src\Illuminate\Cookie\Middleware\EncryptCookies.php(59): Illuminate\Routing\Pipeline->Illuminate\Routing\{closure}(Object(Illuminate\Http\Request))
#24 D:\xampp\htdocs\www\coofar.com\backend\vendor\laravel\framework\src\Illuminate\Pipeline\Pipeline.php(137): Illuminate\Cookie\Middleware\EncryptCookies->handle(Object(Illuminate\Http\Request), Object(Closure))
#25 D:\xampp\htdocs\www\coofar.com\backend\vendor\laravel\framework\src\Illuminate\Routing\Pipeline.php(33): Illuminate\Pipeline\Pipeline->Illuminate\Pipeline\{closure}(Object(Illuminate\Http\Request))
#26 D:\xampp\htdocs\www\coofar.com\backend\vendor\laravel\framework\src\Illuminate\Pipeline\Pipeline.php(104): Illuminate\Routing\Pipeline->Illuminate\Routing\{closure}(Object(Illuminate\Http\Request))
#27 D:\xampp\htdocs\www\coofar.com\backend\vendor\laravel\framework\src\Illuminate\Routing\Router.php(655): Illuminate\Pipeline\Pipeline->then(Object(Closure))
#28 D:\xampp\htdocs\www\coofar.com\backend\vendor\laravel\framework\src\Illuminate\Routing\Router.php(629): Illuminate\Routing\Router->runRouteWithinStack(Object(Illuminate\Routing\Route), Object(Illuminate\Http\Request))
#29 D:\xampp\htdocs\www\coofar.com\backend\vendor\laravel\framework\src\Illuminate\Routing\Router.php(607): Illuminate\Routing\Router->dispatchToRoute(Object(Illuminate\Http\Request))
#30 D:\xampp\htdocs\www\coofar.com\backend\vendor\laravel\framework\src\Illuminate\Foundation\Http\Kernel.php(268): Illuminate\Routing\Router->dispatch(Object(Illuminate\Http\Request))
#31 D:\xampp\htdocs\www\coofar.com\backend\vendor\laravel\framework\src\Illuminate\Routing\Pipeline.php(53): Illuminate\Foundation\Http\Kernel->Illuminate\Foundation\Http\{closure}(Object(Illuminate\Http\Request))
#32 D:\xampp\htdocs\www\coofar.com\backend\vendor\laravel\framework\src\Illuminate\Foundation\Http\Middleware\CheckForMaintenanceMode.php(46): Illuminate\Routing\Pipeline->Illuminate\Routing\{closure}(Object(Illuminate\Http\Request))
#33 D:\xampp\htdocs\www\coofar.com\backend\vendor\laravel\framework\src\Illuminate\Pipeline\Pipeline.php(137): Illuminate\Foundation\Http\Middleware\CheckForMaintenanceMode->handle(Object(Illuminate\Http\Request), Object(Closure))
#34 D:\xampp\htdocs\www\coofar.com\backend\vendor\laravel\framework\src\Illuminate\Routing\Pipeline.php(33): Illuminate\Pipeline\Pipeline->Illuminate\Pipeline\{closure}(Object(Illuminate\Http\Request))
#35 D:\xampp\htdocs\www\coofar.com\backend\vendor\laravel\framework\src\Illuminate\Pipeline\Pipeline.php(104): Illuminate\Routing\Pipeline->Illuminate\Routing\{closure}(Object(Illuminate\Http\Request))
#36 D:\xampp\htdocs\www\coofar.com\backend\vendor\laravel\framework\src\Illuminate\Foundation\Http\Kernel.php(150): Illuminate\Pipeline\Pipeline->then(Object(Closure))
#37 D:\xampp\htdocs\www\coofar.com\backend\vendor\laravel\framework\src\Illuminate\Foundation\Http\Kernel.php(117): Illuminate\Foundation\Http\Kernel->sendRequestThroughRouter(Object(Illuminate\Http\Request))
#38 D:\xampp\htdocs\www\coofar.com\backend\public\index.php(54): Illuminate\Foundation\Http\Kernel->handle(Object(Illuminate\Http\Request))
#39 {main}  
[2017-03-16 10:06:10] production.ERROR: exception 'ErrorException' with message 'Argument 1 passed to Illuminate\Auth\EloquentUserProvider::validateCredentials() must be an instance of Illuminate\Contracts\Auth\Authenticatable, instance of App\Models\Admin given, called in D:\xampp\htdocs\www\coofar.com\backend\vendor\laravel\framework\src\Illuminate\Auth\SessionGuard.php on line 385 and defined' in D:\xampp\htdocs\www\coofar.com\backend\vendor\laravel\framework\src\Illuminate\Auth\EloquentUserProvider.php:114
Stack trace:
#0 D:\xampp\htdocs\www\coofar.com\backend\vendor\laravel\framework\src\Illuminate\Auth\EloquentUserProvider.php(114): Illuminate\Foundation\Bootstrap\HandleExceptions->handleError(4096, 'Argument 1 pass...', 'D:\\xampp\\htdocs...', 114, Array)
#1 D:\xampp\htdocs\www\coofar.com\backend\vendor\laravel\framework\src\Illuminate\Auth\SessionGuard.php(385): Illuminate\Auth\EloquentUserProvider->validateCredentials(Object(App\Models\Admin), Array)
#2 D:\xampp\htdocs\www\coofar.com\backend\vendor\laravel\framework\src\Illuminate\Auth\SessionGuard.php(358): Illuminate\Auth\SessionGuard->hasValidCredentials(Object(App\Models\Admin), Array)
#3 D:\xampp\htdocs\www\coofar.com\backend\vendor\laravel\framework\src\Illuminate\Foundation\Auth\AuthenticatesUsers.php(77): Illuminate\Auth\SessionGuard->attempt(Array, false)
#4 D:\xampp\htdocs\www\coofar.com\backend\vendor\laravel\framework\src\Illuminate\Foundation\Auth\AuthenticatesUsers.php(42): App\Http\Controllers\Auth\LoginController->attemptLogin(Object(Illuminate\Http\Request))
#5 [internal function]: App\Http\Controllers\Auth\LoginController->login(Object(Illuminate\Http\Request))
#6 D:\xampp\htdocs\www\coofar.com\backend\vendor\laravel\framework\src\Illuminate\Routing\Controller.php(55): call_user_func_array(Array, Array)
#7 D:\xampp\htdocs\www\coofar.com\backend\vendor\laravel\framework\src\Illuminate\Routing\ControllerDispatcher.php(44): Illuminate\Routing\Controller->callAction('login', Array)
#8 D:\xampp\htdocs\www\coofar.com\backend\vendor\laravel\framework\src\Illuminate\Routing\Route.php(190): Illuminate\Routing\ControllerDispatcher->dispatch(Object(Illuminate\Routing\Route), Object(App\Http\Controllers\Auth\LoginController), 'login')
#9 D:\xampp\htdocs\www\coofar.com\backend\vendor\laravel\framework\src\Illuminate\Routing\Route.php(144): Illuminate\Routing\Route->runController()
#10 D:\xampp\htdocs\www\coofar.com\backend\vendor\laravel\framework\src\Illuminate\Routing\Router.php(653): Illuminate\Routing\Route->run(Object(Illuminate\Http\Request))
#11 D:\xampp\htdocs\www\coofar.com\backend\vendor\laravel\framework\src\Illuminate\Routing\Pipeline.php(53): Illuminate\Routing\Router->Illuminate\Routing\{closure}(Object(Illuminate\Http\Request))
#12 D:\xampp\htdocs\www\coofar.com\backend\app\Http\Middleware\RedirectIfAuthenticated.php(24): Illuminate\Routing\Pipeline->Illuminate\Routing\{closure}(Object(Illuminate\Http\Request))
#13 D:\xampp\htdocs\www\coofar.com\backend\vendor\laravel\framework\src\Illuminate\Pipeline\Pipeline.php(137): App\Http\Middleware\RedirectIfAuthenticated->handle(Object(Illuminate\Http\Request), Object(Closure))
#14 D:\xampp\htdocs\www\coofar.com\backend\vendor\laravel\framework\src\Illuminate\Routing\Pipeline.php(33): Illuminate\Pipeline\Pipeline->Illuminate\Pipeline\{closure}(Object(Illuminate\Http\Request))
#15 D:\xampp\htdocs\www\coofar.com\backend\vendor\laravel\framework\src\Illuminate\Routing\Middleware\SubstituteBindings.php(41): Illuminate\Routing\Pipeline->Illuminate\Routing\{closure}(Object(Illuminate\Http\Request))
#16 D:\xampp\htdocs\www\coofar.com\backend\vendor\laravel\framework\src\Illuminate\Pipeline\Pipeline.php(137): Illuminate\Routing\Middleware\SubstituteBindings->handle(Object(Illuminate\Http\Request), Object(Closure))
#17 D:\xampp\htdocs\www\coofar.com\backend\vendor\laravel\framework\src\Illuminate\Routing\Pipeline.php(33): Illuminate\Pipeline\Pipeline->Illuminate\Pipeline\{closure}(Object(Illuminate\Http\Request))
#18 D:\xampp\htdocs\www\coofar.com\backend\vendor\laravel\framework\src\Illuminate\Foundation\Http\Middleware\VerifyCsrfToken.php(65): Illuminate\Routing\Pipeline->Illuminate\Routing\{closure}(Object(Illuminate\Http\Request))
#19 D:\xampp\htdocs\www\coofar.com\backend\vendor\laravel\framework\src\Illuminate\Pipeline\Pipeline.php(137): Illuminate\Foundation\Http\Middleware\VerifyCsrfToken->handle(Object(Illuminate\Http\Request), Object(Closure))
#20 D:\xampp\htdocs\www\coofar.com\backend\vendor\laravel\framework\src\Illuminate\Routing\Pipeline.php(33): Illuminate\Pipeline\Pipeline->Illuminate\Pipeline\{closure}(Object(Illuminate\Http\Request))
#21 D:\xampp\htdocs\www\coofar.com\backend\vendor\laravel\framework\src\Illuminate\View\Middleware\ShareErrorsFromSession.php(49): Illuminate\Routing\Pipeline->Illuminate\Routing\{closure}(Object(Illuminate\Http\Request))
#22 D:\xampp\htdocs\www\coofar.com\backend\vendor\laravel\framework\src\Illuminate\Pipeline\Pipeline.php(137): Illuminate\View\Middleware\ShareErrorsFromSession->handle(Object(Illuminate\Http\Request), Object(Closure))
#23 D:\xampp\htdocs\www\coofar.com\backend\vendor\laravel\framework\src\Illuminate\Routing\Pipeline.php(33): Illuminate\Pipeline\Pipeline->Illuminate\Pipeline\{closure}(Object(Illuminate\Http\Request))
#24 D:\xampp\htdocs\www\coofar.com\backend\vendor\laravel\framework\src\Illuminate\Session\Middleware\StartSession.php(64): Illuminate\Routing\Pipeline->Illuminate\Routing\{closure}(Object(Illuminate\Http\Request))
#25 D:\xampp\htdocs\www\coofar.com\backend\vendor\laravel\framework\src\Illuminate\Pipeline\Pipeline.php(137): Illuminate\Session\Middleware\StartSession->handle(Object(Illuminate\Http\Request), Object(Closure))
#26 D:\xampp\htdocs\www\coofar.com\backend\vendor\laravel\framework\src\Illuminate\Routing\Pipeline.php(33): Illuminate\Pipeline\Pipeline->Illuminate\Pipeline\{closure}(Object(Illuminate\Http\Request))
#27 D:\xampp\htdocs\www\coofar.com\backend\vendor\laravel\framework\src\Illuminate\Cookie\Middleware\AddQueuedCookiesToResponse.php(37): Illuminate\Routing\Pipeline->Illuminate\Routing\{closure}(Object(Illuminate\Http\Request))
#28 D:\xampp\htdocs\www\coofar.com\backend\vendor\laravel\framework\src\Illuminate\Pipeline\Pipeline.php(137): Illuminate\Cookie\Middleware\AddQueuedCookiesToResponse->handle(Object(Illuminate\Http\Request), Object(Closure))
#29 D:\xampp\htdocs\www\coofar.com\backend\vendor\laravel\framework\src\Illuminate\Routing\Pipeline.php(33): Illuminate\Pipeline\Pipeline->Illuminate\Pipeline\{closure}(Object(Illuminate\Http\Request))
#30 D:\xampp\htdocs\www\coofar.com\backend\vendor\laravel\framework\src\Illuminate\Cookie\Middleware\EncryptCookies.php(59): Illuminate\Routing\Pipeline->Illuminate\Routing\{closure}(Object(Illuminate\Http\Request))
#31 D:\xampp\htdocs\www\coofar.com\backend\vendor\laravel\framework\src\Illuminate\Pipeline\Pipeline.php(137): Illuminate\Cookie\Middleware\EncryptCookies->handle(Object(Illuminate\Http\Request), Object(Closure))
#32 D:\xampp\htdocs\www\coofar.com\backend\vendor\laravel\framework\src\Illuminate\Routing\Pipeline.php(33): Illuminate\Pipeline\Pipeline->Illuminate\Pipeline\{closure}(Object(Illuminate\Http\Request))
#33 D:\xampp\htdocs\www\coofar.com\backend\vendor\laravel\framework\src\Illuminate\Pipeline\Pipeline.php(104): Illuminate\Routing\Pipeline->Illuminate\Routing\{closure}(Object(Illuminate\Http\Request))
#34 D:\xampp\htdocs\www\coofar.com\backend\vendor\laravel\framework\src\Illuminate\Routing\Router.php(655): Illuminate\Pipeline\Pipeline->then(Object(Closure))
#35 D:\xampp\htdocs\www\coofar.com\backend\vendor\laravel\framework\src\Illuminate\Routing\Router.php(629): Illuminate\Routing\Router->runRouteWithinStack(Object(Illuminate\Routing\Route), Object(Illuminate\Http\Request))
#36 D:\xampp\htdocs\www\coofar.com\backend\vendor\laravel\framework\src\Illuminate\Routing\Router.php(607): Illuminate\Routing\Router->dispatchToRoute(Object(Illuminate\Http\Request))
#37 D:\xampp\htdocs\www\coofar.com\backend\vendor\laravel\framework\src\Illuminate\Foundation\Http\Kernel.php(268): Illuminate\Routing\Router->dispatch(Object(Illuminate\Http\Request))
#38 D:\xampp\htdocs\www\coofar.com\backend\vendor\laravel\framework\src\Illuminate\Routing\Pipeline.php(53): Illuminate\Foundation\Http\Kernel->Illuminate\Foundation\Http\{closure}(Object(Illuminate\Http\Request))
#39 D:\xampp\htdocs\www\coofar.com\backend\vendor\laravel\framework\src\Illuminate\Foundation\Http\Middleware\CheckForMaintenanceMode.php(46): Illuminate\Routing\Pipeline->Illuminate\Routing\{closure}(Object(Illuminate\Http\Request))
#40 D:\xampp\htdocs\www\coofar.com\backend\vendor\laravel\framework\src\Illuminate\Pipeline\Pipeline.php(137): Illuminate\Foundation\Http\Middleware\CheckForMaintenanceMode->handle(Object(Illuminate\Http\Request), Object(Closure))
#41 D:\xampp\htdocs\www\coofar.com\backend\vendor\laravel\framework\src\Illuminate\Routing\Pipeline.php(33): Illuminate\Pipeline\Pipeline->Illuminate\Pipeline\{closure}(Object(Illuminate\Http\Request))
#42 D:\xampp\htdocs\www\coofar.com\backend\vendor\laravel\framework\src\Illuminate\Pipeline\Pipeline.php(104): Illuminate\Routing\Pipeline->Illuminate\Routing\{closure}(Object(Illuminate\Http\Request))
#43 D:\xampp\htdocs\www\coofar.com\backend\vendor\laravel\framework\src\Illuminate\Foundation\Http\Kernel.php(150): Illuminate\Pipeline\Pipeline->then(Object(Closure))
#44 D:\xampp\htdocs\www\coofar.com\backend\vendor\laravel\framework\src\Illuminate\Foundation\Http\Kernel.php(117): Illuminate\Foundation\Http\Kernel->sendRequestThroughRouter(Object(Illuminate\Http\Request))
#45 D:\xampp\htdocs\www\coofar.com\backend\public\index.php(54): Illuminate\Foundation\Http\Kernel->handle(Object(Illuminate\Http\Request))
#46 {main}  
[2017-03-16 10:30:00] production.ERROR: exception 'Symfony\Component\Debug\Exception\FatalErrorException' with message 'Call to undefined function App\Repositories\hashPwd()' in D:\xampp\htdocs\www\coofar.com\backend\app\Repositories\AdminRepository.php:28
Stack trace:
#0 {main}  
[2017-03-16 10:39:33] production.ERROR: exception 'ErrorException' with message 'Argument 1 passed to Illuminate\Auth\SessionGuard::login() must be an instance of Illuminate\Contracts\Auth\Authenticatable, instance of App\Models\Admin given, called in D:\xampp\htdocs\www\coofar.com\backend\vendor\laravel\framework\src\Illuminate\Auth\AuthManager.php on line 294 and defined' in D:\xampp\htdocs\www\coofar.com\backend\vendor\laravel\framework\src\Illuminate\Auth\SessionGuard.php:439
Stack trace:
#0 D:\xampp\htdocs\www\coofar.com\backend\vendor\laravel\framework\src\Illuminate\Auth\SessionGuard.php(439): Illuminate\Foundation\Bootstrap\HandleExceptions->handleError(4096, 'Argument 1 pass...', 'D:\\xampp\\htdocs...', 439, Array)
#1 D:\xampp\htdocs\www\coofar.com\backend\vendor\laravel\framework\src\Illuminate\Auth\AuthManager.php(294): Illuminate\Auth\SessionGuard->login(Object(App\Models\Admin))
#2 D:\xampp\htdocs\www\coofar.com\backend\vendor\laravel\framework\src\Illuminate\Support\Facades\Facade.php(237): Illuminate\Auth\AuthManager->__call('login', Array)
#3 D:\xampp\htdocs\www\coofar.com\backend\vendor\laravel\framework\src\Illuminate\Support\Facades\Facade.php(237): Illuminate\Auth\AuthManager->login(Object(App\Models\Admin))
#4 D:\xampp\htdocs\www\coofar.com\backend\app\Http\Controllers\Auth\LoginController.php(58): Illuminate\Support\Facades\Facade::__callStatic('login', Array)
#5 D:\xampp\htdocs\www\coofar.com\backend\app\Http\Controllers\Auth\LoginController.php(58): Illuminate\Support\Facades\Auth::login(Object(App\Models\Admin))
#6 [internal function]: App\Http\Controllers\Auth\LoginController->login(Object(Illuminate\Http\Request))
#7 D:\xampp\htdocs\www\coofar.com\backend\vendor\laravel\framework\src\Illuminate\Routing\Controller.php(55): call_user_func_array(Array, Array)
#8 D:\xampp\htdocs\www\coofar.com\backend\vendor\laravel\framework\src\Illuminate\Routing\ControllerDispatcher.php(44): Illuminate\Routing\Controller->callAction('login', Array)
#9 D:\xampp\htdocs\www\coofar.com\backend\vendor\laravel\framework\src\Illuminate\Routing\Route.php(190): Illuminate\Routing\ControllerDispatcher->dispatch(Object(Illuminate\Routing\Route), Object(App\Http\Controllers\Auth\LoginController), 'login')
#10 D:\xampp\htdocs\www\coofar.com\backend\vendor\laravel\framework\src\Illuminate\Routing\Route.php(144): Illuminate\Routing\Route->runController()
#11 D:\xampp\htdocs\www\coofar.com\backend\vendor\laravel\framework\src\Illuminate\Routing\Router.php(653): Illuminate\Routing\Route->run(Object(Illuminate\Http\Request))
#12 D:\xampp\htdocs\www\coofar.com\backend\vendor\laravel\framework\src\Illuminate\Routing\Pipeline.php(53): Illuminate\Routing\Router->Illuminate\Routing\{closure}(Object(Illuminate\Http\Request))
#13 D:\xampp\htdocs\www\coofar.com\backend\app\Http\Middleware\RedirectIfAuthenticated.php(24): Illuminate\Routing\Pipeline->Illuminate\Routing\{closure}(Object(Illuminate\Http\Request))
#14 D:\xampp\htdocs\www\coofar.com\backend\vendor\laravel\framework\src\Illuminate\Pipeline\Pipeline.php(137): App\Http\Middleware\RedirectIfAuthenticated->handle(Object(Illuminate\Http\Request), Object(Closure))
#15 D:\xampp\htdocs\www\coofar.com\backend\vendor\laravel\framework\src\Illuminate\Routing\Pipeline.php(33): Illuminate\Pipeline\Pipeline->Illuminate\Pipeline\{closure}(Object(Illuminate\Http\Request))
#16 D:\xampp\htdocs\www\coofar.com\backend\vendor\laravel\framework\src\Illuminate\Routing\Middleware\SubstituteBindings.php(41): Illuminate\Routing\Pipeline->Illuminate\Routing\{closure}(Object(Illuminate\Http\Request))
#17 D:\xampp\htdocs\www\coofar.com\backend\vendor\laravel\framework\src\Illuminate\Pipeline\Pipeline.php(137): Illuminate\Routing\Middleware\SubstituteBindings->handle(Object(Illuminate\Http\Request), Object(Closure))
#18 D:\xampp\htdocs\www\coofar.com\backend\vendor\laravel\framework\src\Illuminate\Routing\Pipeline.php(33): Illuminate\Pipeline\Pipeline->Illuminate\Pipeline\{closure}(Object(Illuminate\Http\Request))
#19 D:\xampp\htdocs\www\coofar.com\backend\vendor\laravel\framework\src\Illuminate\Foundation\Http\Middleware\VerifyCsrfToken.php(65): Illuminate\Routing\Pipeline->Illuminate\Routing\{closure}(Object(Illuminate\Http\Request))
#20 D:\xampp\htdocs\www\coofar.com\backend\vendor\laravel\framework\src\Illuminate\Pipeline\Pipeline.php(137): Illuminate\Foundation\Http\Middleware\VerifyCsrfToken->handle(Object(Illuminate\Http\Request), Object(Closure))
#21 D:\xampp\htdocs\www\coofar.com\backend\vendor\laravel\framework\src\Illuminate\Routing\Pipeline.php(33): Illuminate\Pipeline\Pipeline->Illuminate\Pipeline\{closure}(Object(Illuminate\Http\Request))
#22 D:\xampp\htdocs\www\coofar.com\backend\vendor\laravel\framework\src\Illuminate\View\Middleware\ShareErrorsFromSession.php(49): Illuminate\Routing\Pipeline->Illuminate\Routing\{closure}(Object(Illuminate\Http\Request))
#23 D:\xampp\htdocs\www\coofar.com\backend\vendor\laravel\framework\src\Illuminate\Pipeline\Pipeline.php(137): Illuminate\View\Middleware\ShareErrorsFromSession->handle(Object(Illuminate\Http\Request), Object(Closure))
#24 D:\xampp\htdocs\www\coofar.com\backend\vendor\laravel\framework\src\Illuminate\Routing\Pipeline.php(33): Illuminate\Pipeline\Pipeline->Illuminate\Pipeline\{closure}(Object(Illuminate\Http\Request))
#25 D:\xampp\htdocs\www\coofar.com\backend\vendor\laravel\framework\src\Illuminate\Session\Middleware\StartSession.php(64): Illuminate\Routing\Pipeline->Illuminate\Routing\{closure}(Object(Illuminate\Http\Request))
#26 D:\xampp\htdocs\www\coofar.com\backend\vendor\laravel\framework\src\Illuminate\Pipeline\Pipeline.php(137): Illuminate\Session\Middleware\StartSession->handle(Object(Illuminate\Http\Request), Object(Closure))
#27 D:\xampp\htdocs\www\coofar.com\backend\vendor\laravel\framework\src\Illuminate\Routing\Pipeline.php(33): Illuminate\Pipeline\Pipeline->Illuminate\Pipeline\{closure}(Object(Illuminate\Http\Request))
#28 D:\xampp\htdocs\www\coofar.com\backend\vendor\laravel\framework\src\Illuminate\Cookie\Middleware\AddQueuedCookiesToResponse.php(37): Illuminate\Routing\Pipeline->Illuminate\Routing\{closure}(Object(Illuminate\Http\Request))
#29 D:\xampp\htdocs\www\coofar.com\backend\vendor\laravel\framework\src\Illuminate\Pipeline\Pipeline.php(137): Illuminate\Cookie\Middleware\AddQueuedCookiesToResponse->handle(Object(Illuminate\Http\Request), Object(Closure))
#30 D:\xampp\htdocs\www\coofar.com\backend\vendor\laravel\framework\src\Illuminate\Routing\Pipeline.php(33): Illuminate\Pipeline\Pipeline->Illuminate\Pipeline\{closure}(Object(Illuminate\Http\Request))
#31 D:\xampp\htdocs\www\coofar.com\backend\vendor\laravel\framework\src\Illuminate\Cookie\Middleware\EncryptCookies.php(59): Illuminate\Routing\Pipeline->Illuminate\Routing\{closure}(Object(Illuminate\Http\Request))
#32 D:\xampp\htdocs\www\coofar.com\backend\vendor\laravel\framework\src\Illuminate\Pipeline\Pipeline.php(137): Illuminate\Cookie\Middleware\EncryptCookies->handle(Object(Illuminate\Http\Request), Object(Closure))
#33 D:\xampp\htdocs\www\coofar.com\backend\vendor\laravel\framework\src\Illuminate\Routing\Pipeline.php(33): Illuminate\Pipeline\Pipeline->Illuminate\Pipeline\{closure}(Object(Illuminate\Http\Request))
#34 D:\xampp\htdocs\www\coofar.com\backend\vendor\laravel\framework\src\Illuminate\Pipeline\Pipeline.php(104): Illuminate\Routing\Pipeline->Illuminate\Routing\{closure}(Object(Illuminate\Http\Request))
#35 D:\xampp\htdocs\www\coofar.com\backend\vendor\laravel\framework\src\Illuminate\Routing\Router.php(655): Illuminate\Pipeline\Pipeline->then(Object(Closure))
#36 D:\xampp\htdocs\www\coofar.com\backend\vendor\laravel\framework\src\Illuminate\Routing\Router.php(629): Illuminate\Routing\Router->runRouteWithinStack(Object(Illuminate\Routing\Route), Object(Illuminate\Http\Request))
#37 D:\xampp\htdocs\www\coofar.com\backend\vendor\laravel\framework\src\Illuminate\Routing\Router.php(607): Illuminate\Routing\Router->dispatchToRoute(Object(Illuminate\Http\Request))
#38 D:\xampp\htdocs\www\coofar.com\backend\vendor\laravel\framework\src\Illuminate\Foundation\Http\Kernel.php(268): Illuminate\Routing\Router->dispatch(Object(Illuminate\Http\Request))
#39 D:\xampp\htdocs\www\coofar.com\backend\vendor\laravel\framework\src\Illuminate\Routing\Pipeline.php(53): Illuminate\Foundation\Http\Kernel->Illuminate\Foundation\Http\{closure}(Object(Illuminate\Http\Request))
#40 D:\xampp\htdocs\www\coofar.com\backend\vendor\laravel\framework\src\Illuminate\Foundation\Http\Middleware\CheckForMaintenanceMode.php(46): Illuminate\Routing\Pipeline->Illuminate\Routing\{closure}(Object(Illuminate\Http\Request))
#41 D:\xampp\htdocs\www\coofar.com\backend\vendor\laravel\framework\src\Illuminate\Pipeline\Pipeline.php(137): Illuminate\Foundation\Http\Middleware\CheckForMaintenanceMode->handle(Object(Illuminate\Http\Request), Object(Closure))
#42 D:\xampp\htdocs\www\coofar.com\backend\vendor\laravel\framework\src\Illuminate\Routing\Pipeline.php(33): Illuminate\Pipeline\Pipeline->Illuminate\Pipeline\{closure}(Object(Illuminate\Http\Request))
#43 D:\xampp\htdocs\www\coofar.com\backend\vendor\laravel\framework\src\Illuminate\Pipeline\Pipeline.php(104): Illuminate\Routing\Pipeline->Illuminate\Routing\{closure}(Object(Illuminate\Http\Request))
#44 D:\xampp\htdocs\www\coofar.com\backend\vendor\laravel\framework\src\Illuminate\Foundation\Http\Kernel.php(150): Illuminate\Pipeline\Pipeline->then(Object(Closure))
#45 D:\xampp\htdocs\www\coofar.com\backend\vendor\laravel\framework\src\Illuminate\Foundation\Http\Kernel.php(117): Illuminate\Foundation\Http\Kernel->sendRequestThroughRouter(Object(Illuminate\Http\Request))
#46 D:\xampp\htdocs\www\coofar.com\backend\public\index.php(54): Illuminate\Foundation\Http\Kernel->handle(Object(Illuminate\Http\Request))
#47 {main}  
[2017-03-16 10:44:43] production.ERROR: exception 'Symfony\Component\Debug\Exception\FatalErrorException' with message 'The "yield" expression can only be used inside a function' in D:\xampp\htdocs\www\coofar.com\backend\storage\framework\views\bb3e40a87aae1997d074911b3aea7d7743f4f938.php:1
Stack trace:
#0 {main}  
[2017-03-16 11:41:26] production.ERROR: exception 'Symfony\Component\Debug\Exception\FatalErrorException' with message 'Cannot redeclare class CreateBillsTable' in D:\xampp\htdocs\www\coofar.com\backend\database\migrations\2014_10_12_000000_create_bills_table.php:37
Stack trace:
#0 {main}  
